<?xml version="1.0" encoding="UTF-8"?>
<!-- Generated by org.testng.reporters.JUnitXMLReporter -->
<testsuite hostname="Shahidha-Vaio" ignored="0" name="Test1" tests="1" failures="1" timestamp="2021-01-09T11:19:17 IST" time="36.769" errors="0">
  <testcase name="testCreateCustomer" time="2.016" classname="com.actitime.testscripts.CustomerModule">
    <failure type="java.lang.AssertionError" message="null">
      <![CDATA[java.lang.AssertionError: null
at com.actitime.testscripts.CustomerModule.testCreateCustomer(CustomerModule.java:18)
at java.util.ArrayList.forEach(ArrayList.java:1259)
... Removed 29 stack frames]]>
    </failure>
  </testcase> <!-- testCreateCustomer -->
</testsuite> <!-- Test1 -->
